<?xml version="1.0" encoding="UTF-8"?>
<testsuite name="com.csci5408.centdb.logging.EventLogsTest" tests="1" skipped="0" failures="0" errors="0" timestamp="2021-12-05T07:37:48" hostname="MacBook-Pro-2.local" time="0.033">
  <properties/>
  <testcase name="transcationLogTest()" classname="com.csci5408.centdb.logging.EventLogsTest" time="0.033"/>
  <system-out><![CDATA[]]></system-out>
  <system-err><![CDATA[]]></system-err>
</testsuite>
