<?xml version="1.0" encoding="UTF-8"?>
<testsuite name="com.csci5408.centdb.logging.EventLogsTest" tests="1" skipped="0" failures="0" errors="0" timestamp="2021-12-09T00:19:51" hostname="MacBook-Pro-2.local" time="0.041">
  <properties/>
  <testcase name="transcationLogTest()" classname="com.csci5408.centdb.logging.EventLogsTest" time="0.041"/>
  <system-out><![CDATA[resources/Databases/db/TransactionLogs.txt
]]></system-out>
  <system-err><![CDATA[]]></system-err>
</testsuite>
