<?xml version="1.0" encoding="UTF-8"?>
<testsuite name="com.csci5408.centdb.persistence.impl.QueryDaoTest" tests="1" skipped="0" failures="0" errors="0" timestamp="2021-12-06T06:09:02" hostname="MacBook-Pro-2.local" time="0.023">
  <properties/>
  <testcase name="test()" classname="com.csci5408.centdb.persistence.impl.QueryDaoTest" time="0.023"/>
  <system-out><![CDATA[]]></system-out>
  <system-err><![CDATA[]]></system-err>
</testsuite>
